<?xml version="1.0" encoding="UTF-8"?>
<testng-results ignored="0" total="1" passed="0" failed="0" skipped="1">
    <reporter-output>
    </reporter-output>
    <suite started-at="2024-03-13T21:49:47 IST" name="Default suite" finished-at="2024-03-13T21:49:48 IST"
           duration-ms="101">
        <groups>
        </groups>
        <test started-at="2024-03-13T21:49:47 IST" name="Default test" finished-at="2024-03-13T21:49:48 IST"
              duration-ms="101">
            <class name="test.TestClass">
                <test-method is-config="true" signature="launchApp()[pri:0, instance:test.TestClass@35841320]"
                             started-at="2024-03-13T21:49:47 IST" name="launchApp" finished-at="2024-03-13T21:49:47 IST"
                             duration-ms="54" status="FAIL">
                    <exception class="java.lang.NoSuchMethodError">
                        <message>
                            <![CDATA['org.openqa.selenium.remote.http.HttpClient$Factory org.openqa.selenium.remote.http.HttpClient$Factory.createDefault()']]>
                        </message>
                        <full-stacktrace>
                            <![CDATA[java.lang.NoSuchMethodError: 'org.openqa.selenium.remote.http.HttpClient$Factory org.openqa.selenium.remote.http.HttpClient$Factory.createDefault()'
at io.appium.java_client.remote.AppiumCommandExecutor.<init>(AppiumCommandExecutor.java:108)
at io.appium.java_client.AppiumDriver.<init>(AppiumDriver.java:101)
at base.AppiumBase.setup(AppiumBase.java:33)
at test.TestClass.launchApp(TestClass.java:17)
at java.base/jdk.internal.reflect.NativeMethodAccessorImpl.invoke0(Native Method)
at java.base/jdk.internal.reflect.NativeMethodAccessorImpl.invoke(NativeMethodAccessorImpl.java:77)
at java.base/jdk.internal.reflect.DelegatingMethodAccessorImpl.invoke(DelegatingMethodAccessorImpl.java:43)
at java.base/java.lang.reflect.Method.invoke(Method.java:568)
at org.testng.internal.invokers.MethodInvocationHelper.invokeMethod(MethodInvocationHelper.java:139)
at org.testng.internal.invokers.MethodInvocationHelper.invokeMethodConsideringTimeout(MethodInvocationHelper.java:69)
at org.testng.internal.invokers.ConfigInvoker.invokeConfigurationMethod(ConfigInvoker.java:390)
at org.testng.internal.invokers.ConfigInvoker.invokeConfigurations(ConfigInvoker.java:325)
at org.testng.TestRunner.invokeTestConfigurations(TestRunner.java:663)
at org.testng.TestRunner.beforeRun(TestRunner.java:652)
at org.testng.TestRunner.run(TestRunner.java:614)
at org.testng.SuiteRunner.runTest(SuiteRunner.java:443)
at org.testng.SuiteRunner.runSequentially(SuiteRunner.java:437)
at org.testng.SuiteRunner.privateRun(SuiteRunner.java:397)
at org.testng.SuiteRunner.run(SuiteRunner.java:336)
at org.testng.SuiteRunnerWorker.runSuite(SuiteRunnerWorker.java:52)
at org.testng.SuiteRunnerWorker.run(SuiteRunnerWorker.java:95)
at org.testng.TestNG.runSuitesSequentially(TestNG.java:1280)
at org.testng.TestNG.runSuitesLocally(TestNG.java:1200)
at org.testng.TestNG.runSuites(TestNG.java:1114)
at org.testng.TestNG.run(TestNG.java:1082)
at org.testng.remote.AbstractRemoteTestNG.run(AbstractRemoteTestNG.java:115)
at org.testng.remote.RemoteTestNG.initAndRun(RemoteTestNG.java:251)
at org.testng.remote.RemoteTestNG.main(RemoteTestNG.java:77)
]]>
                        </full-stacktrace>
                    </exception> <!-- java.lang.NoSuchMethodError -->
                    <reporter-output>
                    </reporter-output>
                </test-method> <!-- launchApp -->
                <test-method signature="loginTest()[pri:0, instance:test.TestClass@35841320]"
                             started-at="2024-03-13T21:49:48 IST" name="loginTest" finished-at="2024-03-13T21:49:48 IST"
                             duration-ms="0" status="SKIP">
                    <exception class="java.lang.NoSuchMethodError">
                        <message>
                            <![CDATA['org.openqa.selenium.remote.http.HttpClient$Factory org.openqa.selenium.remote.http.HttpClient$Factory.createDefault()']]>
                        </message>
                        <full-stacktrace>
                            <![CDATA[java.lang.NoSuchMethodError: 'org.openqa.selenium.remote.http.HttpClient$Factory org.openqa.selenium.remote.http.HttpClient$Factory.createDefault()'
at io.appium.java_client.remote.AppiumCommandExecutor.<init>(AppiumCommandExecutor.java:108)
at io.appium.java_client.AppiumDriver.<init>(AppiumDriver.java:101)
at base.AppiumBase.setup(AppiumBase.java:33)
at test.TestClass.launchApp(TestClass.java:17)
at java.base/jdk.internal.reflect.NativeMethodAccessorImpl.invoke0(Native Method)
at java.base/jdk.internal.reflect.NativeMethodAccessorImpl.invoke(NativeMethodAccessorImpl.java:77)
at java.base/jdk.internal.reflect.DelegatingMethodAccessorImpl.invoke(DelegatingMethodAccessorImpl.java:43)
at java.base/java.lang.reflect.Method.invoke(Method.java:568)
at org.testng.internal.invokers.MethodInvocationHelper.invokeMethod(MethodInvocationHelper.java:139)
at org.testng.internal.invokers.MethodInvocationHelper.invokeMethodConsideringTimeout(MethodInvocationHelper.java:69)
at org.testng.internal.invokers.ConfigInvoker.invokeConfigurationMethod(ConfigInvoker.java:390)
at org.testng.internal.invokers.ConfigInvoker.invokeConfigurations(ConfigInvoker.java:325)
at org.testng.TestRunner.invokeTestConfigurations(TestRunner.java:663)
at org.testng.TestRunner.beforeRun(TestRunner.java:652)
at org.testng.TestRunner.run(TestRunner.java:614)
at org.testng.SuiteRunner.runTest(SuiteRunner.java:443)
at org.testng.SuiteRunner.runSequentially(SuiteRunner.java:437)
at org.testng.SuiteRunner.privateRun(SuiteRunner.java:397)
at org.testng.SuiteRunner.run(SuiteRunner.java:336)
at org.testng.SuiteRunnerWorker.runSuite(SuiteRunnerWorker.java:52)
at org.testng.SuiteRunnerWorker.run(SuiteRunnerWorker.java:95)
at org.testng.TestNG.runSuitesSequentially(TestNG.java:1280)
at org.testng.TestNG.runSuitesLocally(TestNG.java:1200)
at org.testng.TestNG.runSuites(TestNG.java:1114)
at org.testng.TestNG.run(TestNG.java:1082)
at org.testng.remote.AbstractRemoteTestNG.run(AbstractRemoteTestNG.java:115)
at org.testng.remote.RemoteTestNG.initAndRun(RemoteTestNG.java:251)
at org.testng.remote.RemoteTestNG.main(RemoteTestNG.java:77)
]]>
                        </full-stacktrace>
                    </exception> <!-- java.lang.NoSuchMethodError -->
                    <reporter-output>
                    </reporter-output>
                </test-method> <!-- loginTest -->
                <test-method is-config="true" signature="close()[pri:0, instance:test.TestClass@35841320]"
                             started-at="2024-03-13T21:49:48 IST" name="close" finished-at="2024-03-13T21:49:48 IST"
                             duration-ms="0" status="SKIP">
                    <reporter-output>
                    </reporter-output>
                </test-method> <!-- close -->
            </class> <!-- test.TestClass -->
        </test> <!-- Default test -->
    </suite> <!-- Default suite -->
</testng-results>
